[debug] [2022-12-13T19:38:53.774Z] ----------------------------------------------------------------------
[debug] [2022-12-13T19:38:53.785Z] Command:       C:\Program Files\nodejs\node.exe C:\Users\mojeeb\AppData\Roaming\npm\node_modules\firebase-tools\lib\bin\firebase.js deploy
[debug] [2022-12-13T19:38:53.787Z] CLI Version:   11.18.0
[debug] [2022-12-13T19:38:53.788Z] Platform:      win32
[debug] [2022-12-13T19:38:53.788Z] Node Version:  v18.12.1
[debug] [2022-12-13T19:38:53.791Z] Time:          Tue Dec 13 2022 11:38:53 GMT-0800 (Pacific Standard Time)
[debug] [2022-12-13T19:38:53.792Z] ----------------------------------------------------------------------
[debug] 
[debug] [2022-12-13T19:38:54.029Z] > command requires scopes: ["email","openid","https://www.googleapis.com/auth/cloudplatformprojects.readonly","https://www.googleapis.com/auth/firebase","https://www.googleapis.com/auth/cloud-platform"]
[debug] [2022-12-13T19:38:54.030Z] > authorizing via signed-in user (mojeebmhadi@gmail.com)
[debug] [2022-12-13T19:38:54.030Z] [iam] checking project web-app-be63f for permissions ["firebase.projects.get","firebasehosting.sites.update"]
[debug] [2022-12-13T19:38:54.033Z] >>> [apiv2][query] POST https://cloudresourcemanager.googleapis.com/v1/projects/web-app-be63f:testIamPermissions [none]
[debug] [2022-12-13T19:38:54.034Z] >>> [apiv2][(partial)header] POST https://cloudresourcemanager.googleapis.com/v1/projects/web-app-be63f:testIamPermissions x-goog-quota-user=projects/web-app-be63f
[debug] [2022-12-13T19:38:54.034Z] >>> [apiv2][body] POST https://cloudresourcemanager.googleapis.com/v1/projects/web-app-be63f:testIamPermissions {"permissions":["firebase.projects.get","firebasehosting.sites.update"]}
[debug] [2022-12-13T19:39:05.892Z] <<< [apiv2][status] POST https://cloudresourcemanager.googleapis.com/v1/projects/web-app-be63f:testIamPermissions 200
[debug] [2022-12-13T19:39:05.892Z] <<< [apiv2][body] POST https://cloudresourcemanager.googleapis.com/v1/projects/web-app-be63f:testIamPermissions {"permissions":["firebase.projects.get","firebasehosting.sites.update"]}
[debug] [2022-12-13T19:39:05.896Z] >>> [apiv2][query] GET https://firebase.googleapis.com/v1beta1/projects/web-app-be63f [none]
[debug] [2022-12-13T19:39:10.126Z] <<< [apiv2][status] GET https://firebase.googleapis.com/v1beta1/projects/web-app-be63f 200
[debug] [2022-12-13T19:39:10.127Z] <<< [apiv2][body] GET https://firebase.googleapis.com/v1beta1/projects/web-app-be63f {"projectId":"web-app-be63f","projectNumber":"1045217684595","displayName":"web-app","name":"projects/web-app-be63f","resources":{"hostingSite":"web-app-be63f"},"state":"ACTIVE","etag":"1_40743611-ea45-42a6-83d7-13e791fa11a3"}
[info] 
[info] === Deploying to 'web-app-be63f'...
[info] 
[info] i  deploying hosting 
[debug] [2022-12-13T19:39:10.148Z] >>> [apiv2][query] POST https://firebasehosting.googleapis.com/v1beta1/projects/-/sites/web-app-be63f/versions [none]
[debug] [2022-12-13T19:39:10.148Z] >>> [apiv2][body] POST https://firebasehosting.googleapis.com/v1beta1/projects/-/sites/web-app-be63f/versions {"status":"CREATED","labels":{"deployment-tool":"cli-firebase"}}
